<?xml version="1.0" encoding="UTF-8"?>
<testsuite xmlns:xsi="http://www.w3.org/2001/XMLSchema-instance" xsi:noNamespaceSchemaLocation="https://maven.apache.org/surefire/maven-surefire-plugin/xsd/surefire-test-report.xsd" name="com.intel.rpmp.PmPoolClientTest" time="2.63" tests="4" errors="0" skipped="0" failures="0">
  <properties>
[...]
</properties>
  <testcase name="remoteAlloc" classname="com.intel.rpmp.PmPoolClientTest" time="0.711"/>
  <testcase name="remoteWrite" classname="com.intel.rpmp.PmPoolClientTest" time="0.835"/>
  <testcase name="remoteAllocAndWrite" classname="com.intel.rpmp.PmPoolClientTest" time="0.635"/>
  <testcase name="remoteRead" classname="com.intel.rpmp.PmPoolClientTest" time="0.435"/>
</testsuite>